<?xml version="1.0" encoding="UTF-8"?>
<!-- Generated by org.testng.reporters.JUnitXMLReporter -->
<testsuite ignored="0" hostname="DESKTOP-95BQ4HS" failures="0" tests="7" name="Default test" time="7.72" errors="0" timestamp="2024-09-18T09:32:57 IST">
  <testcase classname="TestingApis.RestAssuredApi" name="testGetOtp" time="2.392"/>
  <testcase classname="TestingApis.RestAssuredApi" name="testLogin" time="0.88"/>
  <testcase classname="TestingApis.RestAssuredApi" name="loyalitylist" time="0.478"/>
  <testcase classname="TestingApis.RestAssuredApi" name="testAuthenticity" time="2.821"/>
  <testcase classname="TestingApis.RestAssuredApi" name="testGetAllRedemptions" time="0.191"/>
  <testcase classname="TestingApis.RestAssuredApi" name="testRedemptionshistory" time="0.198"/>
  <testcase classname="TestingApis.RestAssuredApi" name="testearnedpoint" time="0.171"/>
</testsuite> <!-- Default test -->
